2016-09-11 15:43:44	WARN	[CONFIG] Ignoring streampath_1=http://arkospi.webhop.me:8000 as this will produce an invalid path.
2016-09-11 15:43:44	INFO	*********************************************************************
2016-09-11 15:43:44	INFO	**        SHOUTcast Distributed Network Audio Server (DNAS)        **
2016-09-11 15:43:44	INFO	**    Copyright (C) 2014-2015 Radionomy SA, All Rights Reserved    **
2016-09-11 15:43:44	INFO	*********************************************************************
2016-09-11 15:43:44	INFO	[MAIN] SHOUTcast DNAS/armv6(rpi) v2.4.7.256 (Mar 31 2015)
2016-09-11 15:43:44	INFO	[MAIN] PID: 15148
2016-09-11 15:43:44	INFO	[MAIN] Saving log output to `/opt/ss2/logs/sc_serv.log'
2016-09-11 15:43:44	INFO	[MAIN] Automatic log rotation interval: 1 day
2016-09-11 15:43:44	INFO	[MAIN] Loaded config from `/opt/ss2/sc_serv.conf'
2016-09-11 15:43:44	INFO	[MAIN] Calculated CPU count is 1 -> using the available CPU
2016-09-11 15:43:44	INFO	[MAIN] Limited to 65536 file descriptors [relates to ulimit -n]
2016-09-11 15:43:44	INFO	[MAIN] Starting 1 network thread
2016-09-11 15:43:44	INFO	[MICROSERVER] Listening for source and client connections on port 8000
2016-09-11 15:43:44	INFO	[MICROSERVER] Listening for legacy source connections on port 8001
2016-09-11 15:43:44	INFO	[MICROSERVER] Flash policy file server not enabled
2016-09-11 15:44:33	INFO	[MAIN] Exiting threads...
2016-09-11 15:44:33	INFO	[MAIN] Terminating listeners...
2016-09-11 15:44:33	ERROR	[BAN] Could not open global ban file `control/sc_serv.ban' for writing
2016-09-11 15:44:33	ERROR	[RIP] Could not open global rip file `control/sc_serv.rip' for writing
2016-09-11 15:44:33	INFO	[BANDWIDTH] Total: 5926, Sent: 5669, Recv: 257
2016-09-11 15:44:33	INFO	[MAIN] Shutdown after 49 seconds running

