2016-09-11 15:43:16	WARN	[CONFIG] Ignoring streampath_1=http://arkospi.webhop.me:8000 as this will produce an invalid path.
2016-09-11 15:43:16	WARN	[CONFIG] Invalid statement on line 24 of sc_serv.conf -> `B'
2016-09-11 15:43:16	WARN	[CONFIG] Invalid statement on line 25 of sc_serv.conf -> `A'
2016-09-11 15:43:16	WARN	[CONFIG] Invalid statement on line 26 of sc_serv.conf -> `A'
2016-09-11 15:43:16	WARN	[CONFIG] Invalid statement on line 27 of sc_serv.conf -> `A'
2016-09-11 15:43:16	WARN	[CONFIG] Invalid statement on line 28 of sc_serv.conf -> `A'
2016-09-11 15:43:16	WARN	[CONFIG] Invalid statement on line 29 of sc_serv.conf -> `A'
2016-09-11 15:43:16	WARN	[CONFIG] Invalid statement on line 30 of sc_serv.conf -> `A'
2016-09-11 15:43:16	WARN	[CONFIG] Invalid statement on line 31 of sc_serv.conf -> `A'
2016-09-11 15:43:16	WARN	[CONFIG] Invalid statement on line 32 of sc_serv.conf -> `A'
2016-09-11 15:43:16	WARN	[CONFIG] Invalid statement on line 33 of sc_serv.conf -> `A'
2016-09-11 15:43:16	WARN	[CONFIG] Invalid statement on line 34 of sc_serv.conf -> `A'
2016-09-11 15:43:16	WARN	[CONFIG] Invalid statement on line 35 of sc_serv.conf -> `A'
2016-09-11 15:43:16	WARN	[CONFIG] Invalid statement on line 36 of sc_serv.conf -> `A'
2016-09-11 15:43:16	WARN	[CONFIG] Invalid statement on line 37 of sc_serv.conf -> `A'
2016-09-11 15:43:16	WARN	[CONFIG] Invalid statement on line 38 of sc_serv.conf -> `A'
2016-09-11 15:43:16	WARN	[CONFIG] Invalid statement on line 39 of sc_serv.conf -> `A'
2016-09-11 15:43:16	WARN	[CONFIG] Invalid statement on line 40 of sc_serv.conf -> `A'
2016-09-11 15:43:16	WARN	[CONFIG] Invalid statement on line 41 of sc_serv.conf -> `A'
2016-09-11 15:43:16	WARN	[CONFIG] Invalid statement on line 42 of sc_serv.conf -> `A'
2016-09-11 15:43:16	WARN	[CONFIG] Invalid statement on line 43 of sc_serv.conf -> `A'
2016-09-11 15:43:16	WARN	[CONFIG] Invalid statement on line 44 of sc_serv.conf -> `A'
2016-09-11 15:43:16	WARN	[CONFIG] Invalid statement on line 45 of sc_serv.conf -> `A'
2016-09-11 15:43:16	WARN	[CONFIG] Invalid statement on line 46 of sc_serv.conf -> `A'
2016-09-11 15:43:16	WARN	[CONFIG] Invalid statement on line 47 of sc_serv.conf -> `A'
2016-09-11 15:43:16	WARN	[CONFIG] Invalid statement on line 48 of sc_serv.conf -> `A'
2016-09-11 15:43:16	WARN	[CONFIG] Invalid statement on line 49 of sc_serv.conf -> `A'
2016-09-11 15:43:16	WARN	[CONFIG] Invalid statement on line 50 of sc_serv.conf -> `A'
2016-09-11 15:43:16	WARN	[CONFIG] Invalid statement on line 51 of sc_serv.conf -> `A'
2016-09-11 15:43:16	WARN	[CONFIG] Invalid statement on line 52 of sc_serv.conf -> `A'
2016-09-11 15:43:16	WARN	[CONFIG] Invalid statement on line 53 of sc_serv.conf -> `A'
2016-09-11 15:43:16	WARN	[CONFIG] Invalid statement on line 54 of sc_serv.conf -> `A'
2016-09-11 15:43:16	WARN	[CONFIG] Invalid statement on line 55 of sc_serv.conf -> `A'
2016-09-11 15:43:16	WARN	[CONFIG] Invalid statement on line 56 of sc_serv.conf -> `A'
2016-09-11 15:43:16	WARN	[CONFIG] Invalid statement on line 57 of sc_serv.conf -> `A'
2016-09-11 15:43:16	WARN	[CONFIG] Invalid statement on line 58 of sc_serv.conf -> `A'
2016-09-11 15:43:16	WARN	[CONFIG] Invalid statement on line 59 of sc_serv.conf -> `A'
2016-09-11 15:43:16	WARN	[CONFIG] Invalid statement on line 60 of sc_serv.conf -> `A'
2016-09-11 15:43:16	WARN	[CONFIG] Invalid statement on line 61 of sc_serv.conf -> `A'
2016-09-11 15:43:16	WARN	[CONFIG] Invalid statement on line 62 of sc_serv.conf -> `A'
2016-09-11 15:43:16	WARN	[CONFIG] Invalid statement on line 63 of sc_serv.conf -> `A'
2016-09-11 15:43:16	WARN	[CONFIG] Invalid statement on line 64 of sc_serv.conf -> `A'
2016-09-11 15:43:16	WARN	[CONFIG] Invalid statement on line 65 of sc_serv.conf -> `A'
2016-09-11 15:43:16	WARN	[CONFIG] Invalid statement on line 66 of sc_serv.conf -> `A'
2016-09-11 15:43:16	WARN	[CONFIG] Invalid statement on line 67 of sc_serv.conf -> `A'
2016-09-11 15:43:16	WARN	[CONFIG] Invalid statement on line 68 of sc_serv.conf -> `A'
2016-09-11 15:43:16	WARN	[CONFIG] Invalid statement on line 69 of sc_serv.conf -> `A'
2016-09-11 15:43:16	WARN	[CONFIG] Invalid statement on line 70 of sc_serv.conf -> `A'
2016-09-11 15:43:16	WARN	[CONFIG] Invalid statement on line 71 of sc_serv.conf -> `A'
2016-09-11 15:43:16	WARN	[CONFIG] Invalid statement on line 72 of sc_serv.conf -> `A'
2016-09-11 15:43:16	WARN	[CONFIG] Invalid statement on line 73 of sc_serv.conf -> `A'
2016-09-11 15:43:16	WARN	[CONFIG] Invalid statement on line 74 of sc_serv.conf -> `A'
2016-09-11 15:43:16	WARN	[CONFIG] Invalid statement on line 75 of sc_serv.conf -> `A'
2016-09-11 15:43:16	WARN	[CONFIG] Invalid statement on line 76 of sc_serv.conf -> `A'
2016-09-11 15:43:16	WARN	[CONFIG] Invalid statement on line 77 of sc_serv.conf -> `A'
2016-09-11 15:43:16	WARN	[CONFIG] Invalid statement on line 78 of sc_serv.conf -> `A'
2016-09-11 15:43:16	WARN	[CONFIG] Invalid statement on line 79 of sc_serv.conf -> `A'
2016-09-11 15:43:16	WARN	[CONFIG] Invalid statement on line 80 of sc_serv.conf -> `A'
2016-09-11 15:43:16	WARN	[CONFIG] Invalid statement on line 81 of sc_serv.conf -> `A'
2016-09-11 15:43:16	WARN	[CONFIG] Invalid statement on line 82 of sc_serv.conf -> `A'
2016-09-11 15:43:16	WARN	[CONFIG] Invalid statement on line 83 of sc_serv.conf -> `A'
2016-09-11 15:43:16	INFO	*********************************************************************
2016-09-11 15:43:16	INFO	**        SHOUTcast Distributed Network Audio Server (DNAS)        **
2016-09-11 15:43:16	INFO	**    Copyright (C) 2014-2015 Radionomy SA, All Rights Reserved    **
2016-09-11 15:43:16	INFO	*********************************************************************
2016-09-11 15:43:16	INFO	[MAIN] SHOUTcast DNAS/armv6(rpi) v2.4.7.256 (Mar 31 2015)
2016-09-11 15:43:16	INFO	[MAIN] PID: 15126
2016-09-11 15:43:16	INFO	[MAIN] Saving log output to `/opt/ss2/logs/sc_serv.log'
2016-09-11 15:43:16	INFO	[MAIN] Automatic log rotation interval: 1 day
2016-09-11 15:43:16	INFO	[MAIN] Loaded config from `/opt/ss2/sc_serv.conf'
2016-09-11 15:43:16	INFO	[MAIN] Calculated CPU count is 1 -> using the available CPU
2016-09-11 15:43:16	INFO	[MAIN] Limited to 65536 file descriptors [relates to ulimit -n]
2016-09-11 15:43:16	INFO	[MAIN] Starting 1 network thread
2016-09-11 15:43:16	INFO	[MICROSERVER] Listening for source and client connections on port 8000
2016-09-11 15:43:16	INFO	[MICROSERVER] Listening for legacy source connections on port 8001
2016-09-11 15:43:16	INFO	[MICROSERVER] Flash policy file server not enabled
2016-09-11 15:43:26	INFO	[MAIN] Exiting threads...
2016-09-11 15:43:26	INFO	[MAIN] Terminating listeners...
2016-09-11 15:43:26	ERROR	[BAN] Could not open global ban file `control/sc_serv.ban' for writing
2016-09-11 15:43:26	ERROR	[RIP] Could not open global rip file `control/sc_serv.rip' for writing
2016-09-11 15:43:26	INFO	[MAIN] Shutdown after 10 seconds running

